<?xml version="1.0" encoding="UTF-8"?>
<!-- Generated by org.testng.reporters.JUnitXMLReporter -->
<testsuite hostname="YI1003903DT" ignored="2" name="Test 2" tests="4" failures="2" timestamp="22 May 2018 12:59:37 GMT" time="52.436" errors="0">
  <testcase name="checkLaunchPage" time="3.78" classname="com.tubbrApp.LaunchPageTest">
    <failure type="java.lang.AssertionError" message="expected:&amp;lt;ALPHA&amp;gt; but was:&amp;lt;Alpha&amp;gt;">
      <![CDATA[java.lang.AssertionError: expected:<ALPHA> but was:<Alpha>
	at com.tubbrApp.LaunchPageTest.checkLaunchPage(LaunchPageTest.java:29)
	at java.util.concurrent.FutureTask.run(Unknown Source)
	at java.util.concurrent.ThreadPoolExecutor.runWorker(Unknown Source)
	at java.util.concurrent.ThreadPoolExecutor$Worker.run(Unknown Source)
	at java.lang.Thread.run(Unknown Source)
... Removed 18 stack frames]]>
    </failure>
  </testcase> <!-- checkLaunchPage -->
  <testcase name="signupPage" time="0.2" classname="com.tubbrApp.LaunchPageTest"/>
  <testcase name="LoginViaUsername" time="4.728" classname="com.tubbrApp.LoginTest"/>
  <testcase name="checkLoginPage" time="1.322" classname="com.tubbrApp.LoginTest">
    <failure type="org.openqa.selenium.WebDriverException" message="org.openqa.selenium.WebDriverException: An unknown server-side error occurred while processing the command. Original error: io.appium.uiautomator2.common.exceptions.UiAutomator2Exception: xPathString=\android.widget.TextView
	at io.appium.uiautomator2.model.XPathFinder.&amp;lt;init&amp;gt;(XPathFinder.java:83)
	at io.appium.uiautomator2.model.XPathFinder.getNodesList(XPathFinder.java:120)
	at io.appium.uiautomator2.handler.FindElement.getXPathUiObject(FindElement.java:78)
	at io.appium.uiautomator2.handler.FindElement.findElement(FindElement.java:153)
	at io.appium.uiautomator2.handler.FindElement.safeHandle(FindElement.java:102)
	at io.appium.uiautomator2.handler.request.SafeRequestHandler.handle(SafeRequestHandler.java:56)
	at io.appium.uiautomator2.server.AppiumServlet.handleRequest(AppiumServlet.java:202)
	at io.appium.uiautomator2.server.AppiumServlet.handleHttpRequest(AppiumServlet.java:193)
	at io.appium.uiautomator2.http.ServerHandler.channelRead(ServerHandler.java:44)
	at io.netty.channel.AbstractChannelHandlerContext.invokeChannelRead(AbstractChannelHandlerContext.java:366)
	at io.netty.channel.AbstractChannelHandlerContext.invokeChannelRead(AbstractChannelHandlerContext.java:352)
	at io.netty.channel.AbstractChannelHandlerContext.fireChannelRead(AbstractChannelHandlerContext.java:345)
	at io.netty.handler.codec.MessageToMessageDecoder.channelRead(MessageToMessageDecoder.java:102)
	at io.netty.channel.AbstractChannelHandlerContext.invokeChannelRead(AbstractChannelHandlerContext.java:366)
	at io.netty.channel.AbstractChannelHandlerContext.invokeChannelRead(AbstractChannelHandlerContext.java:352)
	at io.netty.channel.AbstractChannelHandlerContext.fireChannelRead(AbstractChannelHandlerContext.java:345)
	at io.netty.channel.CombinedChannelDuplexHandler$DelegatingChannelHandlerContext.fireChannelRead(CombinedChannelDuplexHandler.java:435)
	at io.netty.handler.codec.ByteToMessageDecoder.fireChannelRead(ByteToMessageDecoder.java:293)
	at io.netty.handler.codec.ByteToMessageDecoder.channelRead(ByteToMessageDecoder.java:267)
	at io.netty.channel.CombinedChannelDuplexHandler.channelRead(CombinedChannelDuplexHandler.java:250)
	at io.netty.channel.AbstractChannelHandlerContext.invokeChannelRead(AbstractChannelHandlerContext.java:366)
	at io.netty.channel.AbstractChannelHandlerContext.invokeChannelRead(AbstractChannelHandlerContext.java:352)
	at io.netty.channel.AbstractChannelHandlerContext.fireChannelRead(AbstractChannelHandlerContext.java:345)
	at io.netty.channel.DefaultChannelPipeline$HeadContext.channelRead(DefaultChannelPipeline.java:1294)
	at io.netty.channel.AbstractChannelHandlerContext.invokeChannelRead(AbstractChannelHandlerContext.java:366)
	at io.netty.channel.AbstractChannelHandlerContext.invokeChannelRead(AbstractChannelHandlerContext.java:352)
	at io.netty.channel.DefaultChannelPipeline.fireChannelRead(DefaultChannelPipeline.java:911)
	at io.netty.channel.nio.AbstractNioByteChannel$NioByteUnsafe.read(AbstractNioByteChannel.java:131)
	at io.netty.channel.nio.NioEventLoop.processSelectedKey(NioEventLoop.java:611)
	at io.netty.channel.nio.NioEventLoop.processSelectedKeysOptimized(NioEventLoop.java:552)
	at io.netty.channel.nio.NioEventLoop.processSelectedKeys(NioEventLoop.java:466)
	at io.netty.channel.nio.NioEventLoop.run(NioEventLoop.java:438)
	at io.netty.util.concurrent.SingleThreadEventExecutor$2.run(SingleThreadEventExecutor.java:140)
	at io.netty.util.concurrent.DefaultThreadFactory$DefaultRunnableDecorator.run(DefaultThreadFactory.java:144)
	at java.lang.Thread.run(Thread.java:764)
Caused by: javax.xml.xpath.XPathExpressionException: javax.xml.transform.TransformerException: A location path was expected, but the following token was encountered:  \
	at org.apache.xpath.jaxp.XPathImpl.compile(XPathImpl.java:408)
	at io.appium.uiautomator2.model.XPathFinder.&amp;lt;init&amp;gt;(XPathFinder.java:81)
	... 34 more
Caused by: javax.xml.transform.TransformerException: A location path was expected, but the following token was encountered:  \
	at org.apache.xpath.compiler.XPathParser.error(XPathParser.java:610)
	at org.apache.xpath.compiler.XPathParser.LocationPath(XPathParser.java:1601)
	at org.apache.xpath.compiler.XPathParser.PathExpr(XPathParser.java:1317)
	at org.apache.xpath.compiler.XPathParser.UnionExpr(XPathParser.java:1236)
	at org.apache.xpath.compiler.XPathParser.UnaryExpr(XPathParser.java:1142)
	at org.apache.xpath.compiler.XPathParser.MultiplicativeExpr(XPathParser.java:1063)
	at org.apache.xpath.compiler.XPathParser.AdditiveExpr(XPathParser.java:1005)
	at org.apache.xpath.compiler.XPathParser.RelationalExpr(XPathParser.java:930)
	at org.apache.xpath.compiler.XPathParser.EqualityExpr(XPathParser.java:870)
	at org.apache.xpath.compiler.XPathParser.AndExpr(XPathParser.java:834)
	at org.apache.xpath.compiler.XPathParser.OrExpr(XPathParser.java:807)
	at org.apache.xpath.compiler.XPathParser.Expr(XPathParser.java:790)
	at org.apache.xpath.compiler.XPathParser.initXPath(XPathParser.java:129)
	at org.apache.xpath.XPath.&amp;lt;init&amp;gt;(XPath.java:178)
	at org.apache.xpath.XPath.&amp;lt;init&amp;gt;(XPath.java:266)
	at org.apache.xpath.jaxp.XPathImpl.compile(XPathImpl.java:400)
	... 35 more
 (WARNING: The server did not provide any stacktrace information)
Command duration or timeout: 0 milliseconds
Build info: version: &amp;apos;3.6.0&amp;apos;, revision: &amp;apos;6fbf3ec767&amp;apos;, time: &amp;apos;2017-09-27T15:28:36.4Z&amp;apos;
System info: host: &amp;apos;YI1003903DT&amp;apos;, ip: &amp;apos;10.26.8.41&amp;apos;, os.name: &amp;apos;Windows 7&amp;apos;, os.arch: &amp;apos;amd64&amp;apos;, os.version: &amp;apos;6.1&amp;apos;, java.version: &amp;apos;1.8.0_45&amp;apos;
Driver info: io.appium.java_client.android.AndroidDriver
Capabilities [{app=C:\Users\ashish.bhutra\workspace\TubbrAutomation\src\test\resources\apps\Alpha TUBBR_vAlpha 1.1.8.apk, noReset=false, platformVersion=8.0, automationName=uiautomator2, javascriptEnabled=true, udid=ce0517151287361702, platformName=ANDROID, deviceName=Android Emulator, platform=ANDROID, systemPort=8201}]
Session ID: 04c76884-298e-41a1-a24f-635d2afc8dfe
*** Element info: {Using=xpath, value=\android.widget.TextView}">
      <![CDATA[org.openqa.selenium.WebDriverException: org.openqa.selenium.WebDriverException: An unknown server-side error occurred while processing the command. Original error: io.appium.uiautomator2.common.exceptions.UiAutomator2Exception: xPathString=\android.widget.TextView
	at io.appium.uiautomator2.model.XPathFinder.<init>(XPathFinder.java:83)
	at io.appium.uiautomator2.model.XPathFinder.getNodesList(XPathFinder.java:120)
	at io.appium.uiautomator2.handler.FindElement.getXPathUiObject(FindElement.java:78)
	at io.appium.uiautomator2.handler.FindElement.findElement(FindElement.java:153)
	at io.appium.uiautomator2.handler.FindElement.safeHandle(FindElement.java:102)
	at io.appium.uiautomator2.handler.request.SafeRequestHandler.handle(SafeRequestHandler.java:56)
	at io.appium.uiautomator2.server.AppiumServlet.handleRequest(AppiumServlet.java:202)
	at io.appium.uiautomator2.server.AppiumServlet.handleHttpRequest(AppiumServlet.java:193)
	at io.appium.uiautomator2.http.ServerHandler.channelRead(ServerHandler.java:44)
	at io.netty.channel.AbstractChannelHandlerContext.invokeChannelRead(AbstractChannelHandlerContext.java:366)
	at io.netty.channel.AbstractChannelHandlerContext.invokeChannelRead(AbstractChannelHandlerContext.java:352)
	at io.netty.channel.AbstractChannelHandlerContext.fireChannelRead(AbstractChannelHandlerContext.java:345)
	at io.netty.handler.codec.MessageToMessageDecoder.channelRead(MessageToMessageDecoder.java:102)
	at io.netty.channel.AbstractChannelHandlerContext.invokeChannelRead(AbstractChannelHandlerContext.java:366)
	at io.netty.channel.AbstractChannelHandlerContext.invokeChannelRead(AbstractChannelHandlerContext.java:352)
	at io.netty.channel.AbstractChannelHandlerContext.fireChannelRead(AbstractChannelHandlerContext.java:345)
	at io.netty.channel.CombinedChannelDuplexHandler$DelegatingChannelHandlerContext.fireChannelRead(CombinedChannelDuplexHandler.java:435)
	at io.netty.handler.codec.ByteToMessageDecoder.fireChannelRead(ByteToMessageDecoder.java:293)
	at io.netty.handler.codec.ByteToMessageDecoder.channelRead(ByteToMessageDecoder.java:267)
	at io.netty.channel.CombinedChannelDuplexHandler.channelRead(CombinedChannelDuplexHandler.java:250)
	at io.netty.channel.AbstractChannelHandlerContext.invokeChannelRead(AbstractChannelHandlerContext.java:366)
	at io.netty.channel.AbstractChannelHandlerContext.invokeChannelRead(AbstractChannelHandlerContext.java:352)
	at io.netty.channel.AbstractChannelHandlerContext.fireChannelRead(AbstractChannelHandlerContext.java:345)
	at io.netty.channel.DefaultChannelPipeline$HeadContext.channelRead(DefaultChannelPipeline.java:1294)
	at io.netty.channel.AbstractChannelHandlerContext.invokeChannelRead(AbstractChannelHandlerContext.java:366)
	at io.netty.channel.AbstractChannelHandlerContext.invokeChannelRead(AbstractChannelHandlerContext.java:352)
	at io.netty.channel.DefaultChannelPipeline.fireChannelRead(DefaultChannelPipeline.java:911)
	at io.netty.channel.nio.AbstractNioByteChannel$NioByteUnsafe.read(AbstractNioByteChannel.java:131)
	at io.netty.channel.nio.NioEventLoop.processSelectedKey(NioEventLoop.java:611)
	at io.netty.channel.nio.NioEventLoop.processSelectedKeysOptimized(NioEventLoop.java:552)
	at io.netty.channel.nio.NioEventLoop.processSelectedKeys(NioEventLoop.java:466)
	at io.netty.channel.nio.NioEventLoop.run(NioEventLoop.java:438)
	at io.netty.util.concurrent.SingleThreadEventExecutor$2.run(SingleThreadEventExecutor.java:140)
	at io.netty.util.concurrent.DefaultThreadFactory$DefaultRunnableDecorator.run(DefaultThreadFactory.java:144)
	at java.lang.Thread.run(Thread.java:764)
Caused by: javax.xml.xpath.XPathExpressionException: javax.xml.transform.TransformerException: A location path was expected, but the following token was encountered:  \
	at org.apache.xpath.jaxp.XPathImpl.compile(XPathImpl.java:408)
	at io.appium.uiautomator2.model.XPathFinder.<init>(XPathFinder.java:81)
	... 34 more
Caused by: javax.xml.transform.TransformerException: A location path was expected, but the following token was encountered:  \
	at org.apache.xpath.compiler.XPathParser.error(XPathParser.java:610)
	at org.apache.xpath.compiler.XPathParser.LocationPath(XPathParser.java:1601)
	at org.apache.xpath.compiler.XPathParser.PathExpr(XPathParser.java:1317)
	at org.apache.xpath.compiler.XPathParser.UnionExpr(XPathParser.java:1236)
	at org.apache.xpath.compiler.XPathParser.UnaryExpr(XPathParser.java:1142)
	at org.apache.xpath.compiler.XPathParser.MultiplicativeExpr(XPathParser.java:1063)
	at org.apache.xpath.compiler.XPathParser.AdditiveExpr(XPathParser.java:1005)
	at org.apache.xpath.compiler.XPathParser.RelationalExpr(XPathParser.java:930)
	at org.apache.xpath.compiler.XPathParser.EqualityExpr(XPathParser.java:870)
	at org.apache.xpath.compiler.XPathParser.AndExpr(XPathParser.java:834)
	at org.apache.xpath.compiler.XPathParser.OrExpr(XPathParser.java:807)
	at org.apache.xpath.compiler.XPathParser.Expr(XPathParser.java:790)
	at org.apache.xpath.compiler.XPathParser.initXPath(XPathParser.java:129)
	at org.apache.xpath.XPath.<init>(XPath.java:178)
	at org.apache.xpath.XPath.<init>(XPath.java:266)
	at org.apache.xpath.jaxp.XPathImpl.compile(XPathImpl.java:400)
	... 35 more
 (WARNING: The server did not provide any stacktrace information)
Command duration or timeout: 0 milliseconds
Build info: version: '3.6.0', revision: '6fbf3ec767', time: '2017-09-27T15:28:36.4Z'
System info: host: 'YI1003903DT', ip: '10.26.8.41', os.name: 'Windows 7', os.arch: 'amd64', os.version: '6.1', java.version: '1.8.0_45'
Driver info: io.appium.java_client.android.AndroidDriver
Capabilities [{app=C:\Users\ashish.bhutra\workspace\TubbrAutomation\src\test\resources\apps\Alpha TUBBR_vAlpha 1.1.8.apk, noReset=false, platformVersion=8.0, automationName=uiautomator2, javascriptEnabled=true, udid=ce0517151287361702, platformName=ANDROID, deviceName=Android Emulator, platform=ANDROID, systemPort=8201}]
Session ID: 04c76884-298e-41a1-a24f-635d2afc8dfe
*** Element info: {Using=xpath, value=\android.widget.TextView}
	at io.appium.java_client.pagefactory.AppiumElementLocator$WaitingFunction.apply(AppiumElementLocator.java:170)
	at io.appium.java_client.pagefactory.AppiumElementLocator$WaitingFunction.apply(AppiumElementLocator.java:1)
	at org.openqa.selenium.support.ui.FluentWait.until(FluentWait.java:208)
	at io.appium.java_client.pagefactory.AppiumElementLocator.waitFor(AppiumElementLocator.java:76)
	at io.appium.java_client.pagefactory.AppiumElementLocator.findElement(AppiumElementLocator.java:95)
	at io.appium.java_client.pagefactory.interceptors.InterceptorOfASingleElement.intercept(InterceptorOfASingleElement.java:61)
	at io.appium.java_client.android.AndroidElement$$EnhancerByCGLIB$$b598166c.getText(<generated>)
	at pages.LoginPage.getPageTitle(LoginPage.java:53)
	at com.tubbrApp.LoginTest.checkLoginPage(LoginTest.java:29)
	at java.util.concurrent.FutureTask.run(Unknown Source)
	at java.util.concurrent.ThreadPoolExecutor.runWorker(Unknown Source)
	at java.util.concurrent.ThreadPoolExecutor$Worker.run(Unknown Source)
	at java.lang.Thread.run(Unknown Source)
Caused by: org.openqa.selenium.WebDriverException: An unknown server-side error occurred while processing the command. Original error: io.appium.uiautomator2.common.exceptions.UiAutomator2Exception: xPathString=\android.widget.TextView
	at io.appium.uiautomator2.model.XPathFinder.<init>(XPathFinder.java:83)
	at io.appium.uiautomator2.model.XPathFinder.getNodesList(XPathFinder.java:120)
	at io.appium.uiautomator2.handler.FindElement.getXPathUiObject(FindElement.java:78)
	at io.appium.uiautomator2.handler.FindElement.findElement(FindElement.java:153)
	at io.appium.uiautomator2.handler.FindElement.safeHandle(FindElement.java:102)
	at io.appium.uiautomator2.handler.request.SafeRequestHandler.handle(SafeRequestHandler.java:56)
	at io.appium.uiautomator2.server.AppiumServlet.handleRequest(AppiumServlet.java:202)
	at io.appium.uiautomator2.server.AppiumServlet.handleHttpRequest(AppiumServlet.java:193)
	at io.appium.uiautomator2.http.ServerHandler.channelRead(ServerHandler.java:44)
	at io.netty.channel.AbstractChannelHandlerContext.invokeChannelRead(AbstractChannelHandlerContext.java:366)
	at io.netty.channel.AbstractChannelHandlerContext.invokeChannelRead(AbstractChannelHandlerContext.java:352)
	at io.netty.channel.AbstractChannelHandlerContext.fireChannelRead(AbstractChannelHandlerContext.java:345)
	at io.netty.handler.codec.MessageToMessageDecoder.channelRead(MessageToMessageDecoder.java:102)
	at io.netty.channel.AbstractChannelHandlerContext.invokeChannelRead(AbstractChannelHandlerContext.java:366)
	at io.netty.channel.AbstractChannelHandlerContext.invokeChannelRead(AbstractChannelHandlerContext.java:352)
	at io.netty.channel.AbstractChannelHandlerContext.fireChannelRead(AbstractChannelHandlerContext.java:345)
	at io.netty.channel.CombinedChannelDuplexHandler$DelegatingChannelHandlerContext.fireChannelRead(CombinedChannelDuplexHandler.java:435)
	at io.netty.handler.codec.ByteToMessageDecoder.fireChannelRead(ByteToMessageDecoder.java:293)
	at io.netty.handler.codec.ByteToMessageDecoder.channelRead(ByteToMessageDecoder.java:267)
	at io.netty.channel.CombinedChannelDuplexHandler.channelRead(CombinedChannelDuplexHandler.java:250)
	at io.netty.channel.AbstractChannelHandlerContext.invokeChannelRead(AbstractChannelHandlerContext.java:366)
	at io.netty.channel.AbstractChannelHandlerContext.invokeChannelRead(AbstractChannelHandlerContext.java:352)
	at io.netty.channel.AbstractChannelHandlerContext.fireChannelRead(AbstractChannelHandlerContext.java:345)
	at io.netty.channel.DefaultChannelPipeline$HeadContext.channelRead(DefaultChannelPipeline.java:1294)
	at io.netty.channel.AbstractChannelHandlerContext.invokeChannelRead(AbstractChannelHandlerContext.java:366)
	at io.netty.channel.AbstractChannelHandlerContext.invokeChannelRead(AbstractChannelHandlerContext.java:352)
	at io.netty.channel.DefaultChannelPipeline.fireChannelRead(DefaultChannelPipeline.java:911)
	at io.netty.channel.nio.AbstractNioByteChannel$NioByteUnsafe.read(AbstractNioByteChannel.java:131)
	at io.netty.channel.nio.NioEventLoop.processSelectedKey(NioEventLoop.java:611)
	at io.netty.channel.nio.NioEventLoop.processSelectedKeysOptimized(NioEventLoop.java:552)
	at io.netty.channel.nio.NioEventLoop.processSelectedKeys(NioEventLoop.java:466)
	at io.netty.channel.nio.NioEventLoop.run(NioEventLoop.java:438)
	at io.netty.util.concurrent.SingleThreadEventExecutor$2.run(SingleThreadEventExecutor.java:140)
	at io.netty.util.concurrent.DefaultThreadFactory$DefaultRunnableDecorator.run(DefaultThreadFactory.java:144)
	at java.lang.Thread.run(Thread.java:764)
Caused by: javax.xml.xpath.XPathExpressionException: javax.xml.transform.TransformerException: A location path was expected, but the following token was encountered:  \
	at org.apache.xpath.jaxp.XPathImpl.compile(XPathImpl.java:408)
	at io.appium.uiautomator2.model.XPathFinder.<init>(XPathFinder.java:81)
	... 34 more
Caused by: javax.xml.transform.TransformerException: A location path was expected, but the following token was encountered:  \
	at org.apache.xpath.compiler.XPathParser.error(XPathParser.java:610)
	at org.apache.xpath.compiler.XPathParser.LocationPath(XPathParser.java:1601)
	at org.apache.xpath.compiler.XPathParser.PathExpr(XPathParser.java:1317)
	at org.apache.xpath.compiler.XPathParser.UnionExpr(XPathParser.java:1236)
	at org.apache.xpath.compiler.XPathParser.UnaryExpr(XPathParser.java:1142)
	at org.apache.xpath.compiler.XPathParser.MultiplicativeExpr(XPathParser.java:1063)
	at org.apache.xpath.compiler.XPathParser.AdditiveExpr(XPathParser.java:1005)
	at org.apache.xpath.compiler.XPathParser.RelationalExpr(XPathParser.java:930)
	at org.apache.xpath.compiler.XPathParser.EqualityExpr(XPathParser.java:870)
	at org.apache.xpath.compiler.XPathParser.AndExpr(XPathParser.java:834)
	at org.apache.xpath.compiler.XPathParser.OrExpr(XPathParser.java:807)
	at org.apache.xpath.compiler.XPathParser.Expr(XPathParser.java:790)
	at org.apache.xpath.compiler.XPathParser.initXPath(XPathParser.java:129)
	at org.apache.xpath.XPath.<init>(XPath.java:178)
	at org.apache.xpath.XPath.<init>(XPath.java:266)
	at org.apache.xpath.jaxp.XPathImpl.compile(XPathImpl.java:400)
	... 35 more
 (WARNING: The server did not provide any stacktrace information)
Command duration or timeout: 0 milliseconds
Build info: version: '3.6.0', revision: '6fbf3ec767', time: '2017-09-27T15:28:36.4Z'
System info: host: 'YI1003903DT', ip: '10.26.8.41', os.name: 'Windows 7', os.arch: 'amd64', os.version: '6.1', java.version: '1.8.0_45'
Driver info: io.appium.java_client.android.AndroidDriver
Capabilities [{app=C:\Users\ashish.bhutra\workspace\TubbrAutomation\src\test\resources\apps\Alpha TUBBR_vAlpha 1.1.8.apk, noReset=false, platformVersion=8.0, automationName=uiautomator2, javascriptEnabled=true, udid=ce0517151287361702, platformName=ANDROID, deviceName=Android Emulator, platform=ANDROID, systemPort=8201}]
Session ID: 04c76884-298e-41a1-a24f-635d2afc8dfe
*** Element info: {Using=xpath, value=\android.widget.TextView}
	at org.openqa.selenium.remote.ErrorHandler.createThrowable(ErrorHandler.java:214)
	at org.openqa.selenium.remote.ErrorHandler.throwIfResponseFailed(ErrorHandler.java:166)
	at org.openqa.selenium.remote.http.JsonHttpResponseCodec.reconstructValue(JsonHttpResponseCodec.java:40)
	at org.openqa.selenium.remote.http.AbstractHttpResponseCodec.decode(AbstractHttpResponseCodec.java:82)
	at org.openqa.selenium.remote.http.AbstractHttpResponseCodec.decode(AbstractHttpResponseCodec.java:45)
	at org.openqa.selenium.remote.HttpCommandExecutor.execute(HttpCommandExecutor.java:164)
	at io.appium.java_client.remote.AppiumCommandExecutor.execute(AppiumCommandExecutor.java:89)
	at org.openqa.selenium.remote.RemoteWebDriver.execute(RemoteWebDriver.java:586)
	at io.appium.java_client.DefaultGenericMobileDriver.execute(DefaultGenericMobileDriver.java:42)
	at io.appium.java_client.AppiumDriver.execute(AppiumDriver.java:1)
	at io.appium.java_client.android.AndroidDriver.execute(AndroidDriver.java:1)
	at org.openqa.selenium.remote.RemoteWebDriver.findElement(RemoteWebDriver.java:356)
	at io.appium.java_client.DefaultGenericMobileDriver.findElement(DefaultGenericMobileDriver.java:62)
	at io.appium.java_client.AppiumDriver.findElement(AppiumDriver.java:1)
	at io.appium.java_client.android.AndroidDriver.findElement(AndroidDriver.java:1)
	at org.openqa.selenium.remote.RemoteWebDriver.findElementByXPath(RemoteWebDriver.java:458)
	at io.appium.java_client.DefaultGenericMobileDriver.findElementByXPath(DefaultGenericMobileDriver.java:140)
	at io.appium.java_client.AppiumDriver.findElementByXPath(AppiumDriver.java:1)
	at io.appium.java_client.android.AndroidDriver.findElementByXPath(AndroidDriver.java:1)
	at org.openqa.selenium.By$ByXPath.findElement(By.java:361)
	at org.openqa.selenium.remote.RemoteWebDriver.findElement(RemoteWebDriver.java:348)
	at io.appium.java_client.DefaultGenericMobileDriver.findElement(DefaultGenericMobileDriver.java:58)
	at io.appium.java_client.AppiumDriver.findElement(AppiumDriver.java:1)
	at io.appium.java_client.android.AndroidDriver.findElement(AndroidDriver.java:1)
	at io.appium.java_client.pagefactory.bys.builder.ByChained.lambda$0(ByChained.java:38)
	at io.appium.java_client.pagefactory.bys.builder.ByChained$$Lambda$169/598361681.apply(Unknown Source)
	at org.openqa.selenium.support.ui.FluentWait.until(FluentWait.java:208)
	at io.appium.java_client.pagefactory.bys.builder.ByChained.findElement(ByChained.java:70)
	at org.openqa.selenium.remote.RemoteWebDriver.findElement(RemoteWebDriver.java:348)
	at io.appium.java_client.DefaultGenericMobileDriver.findElement(DefaultGenericMobileDriver.java:58)
	at io.appium.java_client.AppiumDriver.findElement(AppiumDriver.java:1)
	at io.appium.java_client.android.AndroidDriver.findElement(AndroidDriver.java:1)
	at io.appium.java_client.pagefactory.bys.ContentMappedBy.findElement(ContentMappedBy.java:36)
	at org.openqa.selenium.remote.RemoteWebDriver.findElement(RemoteWebDriver.java:348)
	at io.appium.java_client.DefaultGenericMobileDriver.findElement(DefaultGenericMobileDriver.java:58)
	at io.appium.java_client.AppiumDriver.findElement(AppiumDriver.java:1)
	at io.appium.java_client.android.AndroidDriver.findElement(AndroidDriver.java:1)
	at io.appium.java_client.pagefactory.AppiumElementLocator.lambda$0(AppiumElementLocator.java:96)
	at io.appium.java_client.pagefactory.AppiumElementLocator$$Lambda$166/517110254.get(Unknown Source)
	at io.appium.java_client.pagefactory.AppiumElementLocator$WaitingFunction.apply(AppiumElementLocator.java:150)
	... 28 more
... Removed 20 stack frames]]>
    </failure>
  </testcase> <!-- checkLoginPage -->
  <testcase name="@BeforeTest setUpAppium" time="0.0" classname="com.tubbrApp.TestBase">
    <ignored/>
  </testcase> <!-- @BeforeTest setUpAppium -->
  <testcase name="@AfterTest tearDownAppium" time="0.0" classname="com.tubbrApp.TestBase">
    <ignored/>
  </testcase> <!-- @AfterTest tearDownAppium -->
</testsuite> <!-- Test 2 -->
