<?xml version="1.0" encoding="UTF-8"?>
<!-- Generated by org.testng.reporters.JUnitXMLReporter -->
<testsuite hostname="YI1003903DT" ignored="2" name="First Launch Test" tests="4" failures="0" timestamp="05 Jul 2018 11:01:31 GMT" time="7.667" errors="0">
  <testcase name="checkLaunchPage" time="3.125" classname="com.tubbrApp.LaunchPageTest"/>
  <testcase name="signupPage" time="0.062" classname="com.tubbrApp.LaunchPageTest"/>
  <testcase name="checkLoginPage" time="1.743" classname="com.tubbrApp.LoginTest"/>
  <testcase name="LoginViaUsername" time="2.388" classname="com.tubbrApp.LoginTest"/>
  <testcase name="@BeforeSuite setUpAppium" time="0.0" classname="com.tubbrApp.TestBase">
    <ignored/>
  </testcase> <!-- @BeforeSuite setUpAppium -->
  <testcase name="@AfterSuite tearDownAppium" time="0.0" classname="com.tubbrApp.TestBase">
    <ignored/>
  </testcase> <!-- @AfterSuite tearDownAppium -->
</testsuite> <!-- First Launch Test -->
