<?xml version="1.0" encoding="UTF-8"?>
<!-- Generated by org.testng.reporters.JUnitXMLReporter -->
<testsuite hostname="YI1003903DT" ignored="0" name="Four Slider Test" tests="2" failures="0" timestamp="22 May 2018 15:00:00 GMT" time="0.01" errors="0">
  <testcase name="@BeforeTest setUpAppium" time="0.0" classname="com.tubbrApp.TestBase">
    <failure type="java.lang.NullPointerException">
      <![CDATA[java.lang.NullPointerException
	at com.tubbrApp.TestBase.setUpAppium(TestBase.java:56)
... Removed 23 stack frames]]>
    </failure>
  </testcase> <!-- @BeforeTest setUpAppium -->
  <testcase name="@BeforeTest setUpPage" time="0.0" classname="com.tubbrApp.FourSliderTest">
    <skipped/>
  </testcase> <!-- @BeforeTest setUpPage -->
  <testcase name="@AfterTest tearDownAppium" time="0.0" classname="com.tubbrApp.TestBase">
    <skipped/>
  </testcase> <!-- @AfterTest tearDownAppium -->
  <testcase name="checkfourSlider" time="0.0" classname="com.tubbrApp.FourSliderTest">
    <skipped/>
  </testcase> <!-- checkfourSlider -->
  <testcase name="slideandAccept" time="0.0" classname="com.tubbrApp.FourSliderTest">
    <skipped/>
  </testcase> <!-- slideandAccept -->
</testsuite> <!-- Four Slider Test -->
