<?xml version="1.0" encoding="UTF-8"?>
<!-- Generated by org.testng.reporters.JUnitXMLReporter -->
<testsuite hostname="YI1003903DT" ignored="2" name="FourSlider Test" tests="3" failures="0" timestamp="05 Jul 2018 11:02:19 GMT" time="47.294" errors="0">
  <testcase name="checkfourSlider" time="31.471" classname="com.tubbrApp.FourSliderTest"/>
  <testcase name="slideandAccept" time="1.518" classname="com.tubbrApp.FourSliderTest"/>
  <testcase name="logoutTubbr" time="13.928" classname="com.tubbrApp.LogoutTest"/>
  <testcase name="@BeforeSuite setUpAppium" time="0.0" classname="com.tubbrApp.TestBase">
    <ignored/>
  </testcase> <!-- @BeforeSuite setUpAppium -->
  <testcase name="@AfterSuite tearDownAppium" time="0.0" classname="com.tubbrApp.TestBase">
    <ignored/>
  </testcase> <!-- @AfterSuite tearDownAppium -->
</testsuite> <!-- FourSlider Test -->
