<?xml version="1.0" encoding="UTF-8"?>
<!-- Generated by org.testng.reporters.JUnitXMLReporter -->
<testsuite hostname="YI1003903DT" ignored="2" name="googleTest" tests="3" failures="0" timestamp="05 Jul 2018 12:16:00 GMT" time="9.523" errors="0">
  <testcase name="checkLaunchPage" time="3.272" classname="com.tubbrApp.LaunchPageTest"/>
  <testcase name="signupPage" time="0.071" classname="com.tubbrApp.LaunchPageTest"/>
  <testcase name="selectaddedacc" time="5.761" classname="com.tubbrApp.GoogleLoginTest"/>
  <testcase name="@BeforeSuite setUpAppium" time="0.0" classname="com.tubbrApp.TestBase">
    <ignored/>
  </testcase> <!-- @BeforeSuite setUpAppium -->
  <testcase name="@AfterSuite tearDownAppium" time="0.0" classname="com.tubbrApp.TestBase">
    <ignored/>
  </testcase> <!-- @AfterSuite tearDownAppium -->
</testsuite> <!-- googleTest -->
