<?xml version="1.0" encoding="UTF-8"?>
<!-- Generated by org.testng.reporters.JUnitXMLReporter -->
<testsuite hostname="YI1003903DT" ignored="4" name="phoneTest" tests="4" failures="0" timestamp="06 Aug 2018 14:07:55 GMT" time="53.506" errors="0">
  <testcase name="checkLaunchPage" time="3.129" classname="com.tubbrApp.LaunchPageTest"/>
  <testcase name="signupPage" time="0.116" classname="com.tubbrApp.LaunchPageTest"/>
  <testcase name="loginByPhoneno" time="41.515" classname="com.tubbrApp.OtpVerificationTest"/>
  <testcase name="logoutTubbr" time="7.986" classname="com.tubbrApp.LogoutTest"/>
  <testcase name="@BeforeSuite setUpAppium" time="0.0" classname="com.tubbrApp.TestBase">
    <ignored/>
  </testcase> <!-- @BeforeSuite setUpAppium -->
  <testcase name="@BeforeSuite setUpAppium" time="0.0" classname="com.tubbrApp.TestBase">
    <ignored/>
  </testcase> <!-- @BeforeSuite setUpAppium -->
  <testcase name="@AfterSuite tearDownAppium" time="0.0" classname="com.tubbrApp.TestBase">
    <ignored/>
  </testcase> <!-- @AfterSuite tearDownAppium -->
  <testcase name="@AfterSuite tearDownAppium" time="0.0" classname="com.tubbrApp.TestBase">
    <ignored/>
  </testcase> <!-- @AfterSuite tearDownAppium -->
</testsuite> <!-- phoneTest -->
